<?xml version="1.0" encoding="UTF-8"?>
<!-- Generated by org.testng.reporters.JUnitReportReporter -->
<testsuite skipped="0" hostname="LAPTOP-P04MERIM" name="testpom.TestValidLogin" tests="1" failures="0" timestamp="2019-10-30T14:51:05 IST" time="39.525" errors="0">
  <testcase name="validLogin" time="39.525" classname="testpom.TestValidLogin"/>
</testsuite> <!-- testpom.TestValidLogin -->
