<?xml version="1.0" encoding="UTF-8"?>
<!-- Generated by org.testng.reporters.JUnitReportReporter -->
<testsuite skipped="0" hostname="LAPTOP-P04MERIM" name="testpom.TestValidLogin" tests="1" failures="0" timestamp="2019-10-30T19:58:30 IST" time="53.535" errors="0">
  <testcase name="validLogin" time="53.535" classname="testpom.TestValidLogin"/>
</testsuite> <!-- testpom.TestValidLogin -->
