<?xml version="1.0" encoding="UTF-8"?>
<!-- Generated by org.testng.reporters.JUnitReportReporter -->
<testsuite skipped="0" hostname="LAPTOP-P04MERIM" name="testNG.Google" tests="2" failures="0" timestamp="2019-10-23T11:06:48 IST" time="103.751" errors="0">
  <testcase name="demoM1" time="64.714" classname="testNG.Google"/>
  <testcase name="demoM" time="39.037" classname="testNG.Google"/>
</testsuite> <!-- testNG.Google -->
