<?xml version="1.0" encoding="UTF-8"?>
<!-- Generated by org.testng.reporters.JUnitReportReporter -->
<testsuite skipped="0" hostname="LAPTOP-P04MERIM" name="testNG.AssertList" tests="1" failures="0" timestamp="2019-10-23T16:15:55 IST" time="0.031" errors="0">
  <testcase name="test1" time="0.031" classname="testNG.AssertList"/>
</testsuite> <!-- testNG.AssertList -->
