<?xml version="1.0" encoding="UTF-8"?>
<!-- Generated by org.testng.reporters.JUnitReportReporter -->
<testsuite skipped="0" hostname="LAPTOP-P04MERIM" name="testNG.Scenario5Compare" tests="1" failures="0" timestamp="2019-10-24T10:04:01 IST" time="129.755" errors="0">
  <testcase name="test1" time="129.755" classname="testNG.Scenario5Compare"/>
</testsuite> <!-- testNG.Scenario5Compare -->
