<?xml version="1.0" encoding="UTF-8"?>
<!-- Generated by org.testng.reporters.JUnitReportReporter -->
<testsuite skipped="0" hostname="LAPTOP-P04MERIM" name="testNG.GroupBy" tests="3" failures="0" timestamp="2019-10-23T13:13:26 IST" time="0.019" errors="0">
  <testcase name="demo3" time="0.002" classname="testNG.GroupBy"/>
  <testcase name="demo1" time="0.001" classname="testNG.GroupBy"/>
  <testcase name="demo2" time="0.016" classname="testNG.GroupBy"/>
</testsuite> <!-- testNG.GroupBy -->
