<?xml version="1.0" encoding="UTF-8"?>
<!-- Generated by org.testng.reporters.JUnitReportReporter -->
<testsuite skipped="0" hostname="LAPTOP-P04MERIM" name="testNG.TestDatap" tests="1" failures="0" timestamp="2019-10-25T10:43:41 IST" time="0.026" errors="0">
  <testcase name="test" time="0.026" classname="testNG.TestDatap"/>
</testsuite> <!-- testNG.TestDatap -->
