<?xml version="1.0" encoding="UTF-8"?>
<!-- Generated by org.testng.reporters.JUnitReportReporter -->
<testsuite skipped="0" hostname="LAPTOP-P04MERIM" name="testNG.Count" tests="6" failures="0" timestamp="2019-10-23T12:28:32 IST" time="0.026" errors="0">
  <testcase name="demom1" time="0.011" classname="testNG.Count"/>
  <testcase name="demom1" time="0.010" classname="testNG.Count"/>
  <testcase name="demom1" time="0.001" classname="testNG.Count"/>
  <testcase name="demom1" time="0.002" classname="testNG.Count"/>
  <testcase name="demom1" time="0.001" classname="testNG.Count"/>
  <testcase name="demom" time="0.001" classname="testNG.Count"/>
</testsuite> <!-- testNG.Count -->
