<?xml version="1.0" encoding="UTF-8"?>
<!-- Generated by org.testng.reporters.JUnitReportReporter -->
<testsuite skipped="0" hostname="LAPTOP-P04MERIM" name="testNG.Facebook" tests="2" failures="0" timestamp="2019-10-23T11:16:38 IST" time="58.637" errors="0">
  <testcase name="demoM1" time="29.938" classname="testNG.Facebook"/>
  <testcase name="demoM" time="28.699" classname="testNG.Facebook"/>
</testsuite> <!-- testNG.Facebook -->
