<?xml version="1.0" encoding="UTF-8"?>
<!-- Generated by org.testng.reporters.JUnitReportReporter -->
<testsuite skipped="0" hostname="LAPTOP-P04MERIM" name="testNG.InvocationCount" tests="5" failures="0" timestamp="2019-10-23T12:34:08 IST" time="0.021" errors="0">
  <testcase name="demom1" time="0.011" classname="testNG.InvocationCount"/>
  <testcase name="demom1" time="0.002" classname="testNG.InvocationCount"/>
  <testcase name="demom1" time="0.003" classname="testNG.InvocationCount"/>
  <testcase name="output" time="0.003" classname="testNG.InvocationCount"/>
  <testcase name="demom" time="0.002" classname="testNG.InvocationCount"/>
</testsuite> <!-- testNG.InvocationCount -->
