<?xml version="1.0" encoding="UTF-8"?>
<!-- Generated by org.testng.reporters.JUnitReportReporter -->
<testsuite skipped="0" hostname="LAPTOP-P04MERIM" name="testNG.Parallel3" tests="1" failures="0" timestamp="2019-10-24T14:44:50 IST" time="129.668" errors="0">
  <testcase name="test1" time="129.668" classname="testNG.Parallel3"/>
</testsuite> <!-- testNG.Parallel3 -->
