<?xml version="1.0" encoding="UTF-8"?>
<!-- Generated by org.testng.reporters.JUnitReportReporter -->
<testsuite skipped="0" hostname="LAPTOP-P04MERIM" name="testNG.ParallelBrowsers" tests="2" failures="0" timestamp="2019-10-24T11:43:40 IST" time="18.935" errors="0">
  <testcase name="testParameterWithXML" time="14.700" classname="testNG.ParallelBrowsers"/>
  <testcase name="testParameterWithXML" time="4.235" classname="testNG.ParallelBrowsers"/>
</testsuite> <!-- testNG.ParallelBrowsers -->
