<?xml version="1.0" encoding="UTF-8"?>
<!-- Generated by org.testng.reporters.JUnitReportReporter -->
<testsuite skipped="0" hostname="LAPTOP-P04MERIM" name="testNG.GmailDraft" tests="1" failures="0" timestamp="2019-10-25T10:18:37 IST" time="50.878" errors="0">
  <testcase name="Gmail" time="50.878" classname="testNG.GmailDraft"/>
</testsuite> <!-- testNG.GmailDraft -->
