<?xml version="1.0" encoding="UTF-8"?>
<!-- Generated by org.testng.reporters.JUnitReportReporter -->
<testsuite skipped="0" hostname="LAPTOP-P04MERIM" name="testNG.DataProviderDemo" tests="3" failures="0" timestamp="2019-10-23T16:30:18 IST" time="0.025" errors="0">
  <testcase name="createUser" time="0.012" classname="testNG.DataProviderDemo"/>
  <testcase name="createUser" time="0.002" classname="testNG.DataProviderDemo"/>
  <testcase name="createUser" time="0.011" classname="testNG.DataProviderDemo"/>
</testsuite> <!-- testNG.DataProviderDemo -->
