<?xml version="1.0" encoding="UTF-8"?>
<!-- Generated by org.testng.reporters.JUnitReportReporter -->
<testsuite skipped="0" hostname="LAPTOP-P04MERIM" name="testNG.Scenario7Compare" tests="1" failures="0" timestamp="2019-10-24T10:16:39 IST" time="49.467" errors="0">
  <testcase name="test1" time="49.467" classname="testNG.Scenario7Compare"/>
</testsuite> <!-- testNG.Scenario7Compare -->
