<?xml version="1.0" encoding="UTF-8"?>
<!-- Generated by org.testng.reporters.JUnitReportReporter -->
<testsuite skipped="0" hostname="LAPTOP-P04MERIM" name="testNG.Scenario8Compare" tests="1" failures="0" timestamp="2019-10-24T10:31:24 IST" time="91.138" errors="0">
  <testcase name="test1" time="91.138" classname="testNG.Scenario8Compare"/>
</testsuite> <!-- testNG.Scenario8Compare -->
