<?xml version="1.0" encoding="UTF-8"?>
<!-- Generated by org.testng.reporters.JUnitReportReporter -->
<testsuite skipped="0" hostname="LAPTOP-P04MERIM" name="testNG.DependsOnMethod" tests="3" failures="0" timestamp="2019-10-23T12:40:29 IST" time="0.024" errors="0">
  <testcase name="demom" time="0.001" classname="testNG.DependsOnMethod"/>
  <testcase name="demom1" time="0.002" classname="testNG.DependsOnMethod"/>
  <testcase name="output" time="0.021" classname="testNG.DependsOnMethod"/>
</testsuite> <!-- testNG.DependsOnMethod -->
