<?xml version="1.0" encoding="UTF-8"?>
<!-- Generated by org.testng.reporters.JUnitReportReporter -->
<testsuite skipped="0" hostname="LAPTOP-P04MERIM" name="testNG.Secenario6Compare" tests="1" failures="0" timestamp="2019-10-24T10:11:42 IST" time="52.120" errors="0">
  <testcase name="test1" time="52.120" classname="testNG.Secenario6Compare"/>
</testsuite> <!-- testNG.Secenario6Compare -->
