<?xml version="1.0" encoding="UTF-8"?>
<!-- Generated by org.testng.reporters.JUnitReportReporter -->
<testsuite skipped="1" hostname="LAPTOP-P04MERIM" name="testNG.GmailDependsOnMethods" tests="3" failures="0" timestamp="2019-10-23T13:00:11 IST" time="0.015" errors="0">
  <testcase name="demo3" time="0.003" classname="testNG.GmailDependsOnMethods"/>
  <testcase name="demo2" time="0.012" classname="testNG.GmailDependsOnMethods"/>
  <testcase name="demo1" classname="testNG.GmailDependsOnMethods">
    <skipped/>
  </testcase> <!-- demo1 -->
</testsuite> <!-- testNG.GmailDependsOnMethods -->
