<?xml version="1.0" encoding="UTF-8"?>
<!-- Generated by org.testng.reporters.JUnitReportReporter -->
<testsuite skipped="0" hostname="LAPTOP-P04MERIM" name="testNG.Listgmail" tests="1" failures="0" timestamp="2019-10-23T19:50:19 IST" time="67.247" errors="0">
  <testcase name="demoM" time="67.247" classname="testNG.Listgmail"/>
</testsuite> <!-- testNG.Listgmail -->
