<?xml version="1.0" encoding="UTF-8"?>
<!-- Generated by org.testng.reporters.JUnitReportReporter -->
<testsuite skipped="0" hostname="LAPTOP-P04MERIM" name="testNG.GmailTestNG" tests="1" failures="0" timestamp="2019-10-24T14:23:43 IST" time="82.112" errors="0">
  <testcase name="testParameterWithXML" time="82.112" classname="testNG.GmailTestNG"/>
</testsuite> <!-- testNG.GmailTestNG -->
