<?xml version="1.0" encoding="UTF-8"?>
<!-- Generated by org.testng.reporters.JUnitReportReporter -->
<testsuite skipped="0" hostname="LAPTOP-P04MERIM" name="testNG.BMAM" tests="2" failures="0" timestamp="2019-10-23T12:20:33 IST" time="62.877" errors="0">
  <testcase name="demoM1" time="40.539" classname="testNG.BMAM"/>
  <testcase name="demoM" time="22.338" classname="testNG.BMAM"/>
</testsuite> <!-- testNG.BMAM -->
