<?xml version="1.0" encoding="UTF-8"?>
<!-- Generated by org.testng.reporters.JUnitReportReporter -->
<testsuite skipped="0" hostname="LAPTOP-P04MERIM" name="testNG.ReadXmlData" tests="1" failures="0" timestamp="2019-10-25T12:27:40 IST" time="0.587" errors="0">
  <testcase name="createUser" time="0.587" classname="testNG.ReadXmlData"/>
</testsuite> <!-- testNG.ReadXmlData -->
